<?xml version="1.0" encoding="UTF-8"?>
<testsuite xmlns:xsi="http://www.w3.org/2001/XMLSchema-instance" xsi:noNamespaceSchemaLocation="https://maven.apache.org/surefire/maven-surefire-plugin/xsd/surefire-test-report.xsd" name="com.computer_db.runner.CukesRunner" time="152.546" tests="12" errors="0" skipped="0" failures="6">
  <properties>
[...]
</properties>
  <testcase name="User successfully landing main page" classname="Computer Data Base Create, Update, Read and Delete Operations" time="9.72"/>
  <testcase name="User should be able to successfully create computer" classname="Computer Data Base Create, Update, Read and Delete Operations" time="19.028">
    <failure message="------Nothing to display-----" type="java.lang.AssertionError">java.lang.AssertionError: ------Nothing to display-----
</failure>
    <system-out><![CDATA[
@computer_data @create
Scenario: User should be able to successfully create computer                                                                                     &amp#27;[90m# src/test/resources/features/Computer.feature:13&amp#27;[0m
  &amp#27;[32mGiven &amp#27;[0m&amp#27;[32muser go to main page&amp#27;[0m                                                                                                                      &amp#27;[90m# com.computer_db.step_definitions.ComputerStepDefinitions.user_go_to_main_page()&amp#27;[0m
  &amp#27;[32mWhen &amp#27;[0m&amp#27;[32muser click Add new computer button&amp#27;[0m                                                                                                         &amp#27;[90m# com.computer_db.step_definitions.ComputerStepDefinitions.user_click_add_new_computer_button()&amp#27;[0m
  &amp#27;[32mAnd &amp#27;[0m&amp#27;[32mVerify add computer page title &amp#27;[0m&amp#27;[32m&amp#27;[1m"Computers database"&amp#27;[0m                                                                                         &amp#27;[90m# com.computer_db.step_definitions.ComputerStepDefinitions.verify_add_computer_page(java.lang.String)&amp#27;[0m
  &amp#27;[32mWhen &amp#27;[0m&amp#27;[32muser enter computer name &amp#27;[0m&amp#27;[32m&amp#27;[1m"Asus 3446W"&amp#27;[0m&amp#27;[32m, Introduced &amp#27;[0m&amp#27;[32m&amp#27;[1m"2020-07-01"&amp#27;[0m&amp#27;[32m, Discontinued &amp#27;[0m&amp#27;[32m&amp#27;[1m"2020-09-01"&amp#27;[0m&amp#27;[32m, Company &amp#27;[0m&amp#27;[32m&amp#27;[1m"ASUS"&amp#27;[0m&amp#27;[32m and click Create computer button&amp#27;[0m &amp#27;[90m# com.computer_db.step_definitions.ComputerStepDefinitions.user_enter_computer_name_introduced_discontinued_company_and_click_create_computer_button(java.lang.String,java.lang.String,java.lang.String,java.lang.String)&amp#27;[0m
  &amp#27;[32mAnd &amp#27;[0m&amp#27;[32muser enter computer name &amp#27;[0m&amp#27;[32m&amp#27;[1m"Asus 3446W"&amp#27;[0m&amp#27;[32m Filter by name input box and click search button&amp#27;[0m                                                      &amp#27;[90m# com.computer_db.step_definitions.ComputerStepDefinitions.user_enter_computer_name_filter_by_name_input_box_and_click_search_button(java.lang.String)&amp#27;[0m
  &amp#27;[31mThen &amp#27;[0m&amp#27;[31mverify that computer name &amp#27;[0m&amp#27;[31m&amp#27;[1m"Asus 3446W"&amp#27;[0m&amp#27;[31m in the result table&amp#27;[0m                                                                                 &amp#27;[90m# com.computer_db.step_definitions.ComputerStepDefinitions.verify_that_computer_name_introduced_discontinued_company_in_the_result_table(java.lang.String)&amp#27;[0m
      &amp#27;[31mjava.lang.AssertionError: ------Nothing to display-----
	at org.junit.Assert.fail(Assert.java:89)
	at com.computer_db.step_definitions.ComputerStepDefinitions.verify_that_computer_name_introduced_discontinued_company_in_the_result_table(ComputerStepDefinitions.java:55)
	at âœ½.verify that computer name "Asus 3446W" in the result table(file:///C:/Users/User/Desktop/ComputerDataBaseDemoProject/src/test/resources/features/Computer.feature:18)
&amp#27;[0m

    Embedding screenshot [image/png 25521 bytes]

]]></system-out>
    <system-err><![CDATA[Starting ChromeDriver 85.0.4183.87 (cd6713ebf92fa1cacc0f1a598df280093af0c5d7-refs/branch-heads/4183@{#1689}) on port 23653
Only local connections are allowed.
Please see https://chromedriver.chromium.org/security-considerations for suggestions on keeping ChromeDriver safe.
ChromeDriver was started successfully.
Sep 17, 2020 2:12:05 AM org.openqa.selenium.remote.ProtocolHandshake createSession
INFO: Detected dialect: W3C
]]></system-err>
  </testcase>
  <testcase name="User should be able to check a computer name details in the result table" classname="Computer Data Base Create, Update, Read and Delete Operations" time="17.582">
    <failure message="------Nothing to display-----" type="java.lang.AssertionError">java.lang.AssertionError: ------Nothing to display-----
</failure>
    <system-out><![CDATA[
@computer_data @read
Scenario: User should be able to check a computer name details in the result table             &amp#27;[90m# src/test/resources/features/Computer.feature:21&amp#27;[0m
  &amp#27;[32mGiven &amp#27;[0m&amp#27;[32muser go to main page&amp#27;[0m                                                                   &amp#27;[90m# com.computer_db.step_definitions.ComputerStepDefinitions.user_go_to_main_page()&amp#27;[0m
  &amp#27;[32mAnd &amp#27;[0m&amp#27;[32muser enter computer name &amp#27;[0m&amp#27;[32m&amp#27;[1m"Acer Extensa"&amp#27;[0m&amp#27;[32m Filter by name input box and click search button&amp#27;[0m &amp#27;[90m# com.computer_db.step_definitions.ComputerStepDefinitions.user_enter_computer_name_filter_by_name_input_box_and_click_search_button(java.lang.String)&amp#27;[0m
  &amp#27;[32mWhen &amp#27;[0m&amp#27;[32muser click computer name &amp#27;[0m&amp#27;[32m&amp#27;[1m"Acer Extensa"&amp#27;[0m                                                 &amp#27;[90m# com.computer_db.step_definitions.ComputerStepDefinitions.userClickComputerName(java.lang.String)&amp#27;[0m
  &amp#27;[31mThen &amp#27;[0m&amp#27;[31mverify that computer name &amp#27;[0m&amp#27;[31m&amp#27;[1m"Acer Extensa"&amp#27;[0m&amp#27;[31m in the result table&amp#27;[0m                            &amp#27;[90m# com.computer_db.step_definitions.ComputerStepDefinitions.verify_that_computer_name_introduced_discontinued_company_in_the_result_table(java.lang.String)&amp#27;[0m
      &amp#27;[31mjava.lang.AssertionError: ------Nothing to display-----
	at org.junit.Assert.fail(Assert.java:89)
	at com.computer_db.step_definitions.ComputerStepDefinitions.verify_that_computer_name_introduced_discontinued_company_in_the_result_table(ComputerStepDefinitions.java:55)
	at âœ½.verify that computer name "Acer Extensa" in the result table(file:///C:/Users/User/Desktop/ComputerDataBaseDemoProject/src/test/resources/features/Computer.feature:24)
&amp#27;[0m

    Embedding screenshot [image/png 32423 bytes]

]]></system-out>
    <system-err><![CDATA[Starting ChromeDriver 85.0.4183.87 (cd6713ebf92fa1cacc0f1a598df280093af0c5d7-refs/branch-heads/4183@{#1689}) on port 35774
Only local connections are allowed.
Please see https://chromedriver.chromium.org/security-considerations for suggestions on keeping ChromeDriver safe.
ChromeDriver was started successfully.
Sep 17, 2020 2:12:24 AM org.openqa.selenium.remote.ProtocolHandshake createSession
INFO: Detected dialect: W3C
]]></system-err>
  </testcase>
  <testcase name="User should be able to update a computer name" classname="Computer Data Base Create, Update, Read and Delete Operations" time="17.925">
    <failure message="----Nothing to display-----" type="java.lang.AssertionError">java.lang.AssertionError: ----Nothing to display-----
</failure>
    <system-out><![CDATA[
@computer_data @update
Scenario: User should be able to update a computer name                                    &amp#27;[90m# src/test/resources/features/Computer.feature:27&amp#27;[0m
  &amp#27;[32mGiven &amp#27;[0m&amp#27;[32muser go to main page&amp#27;[0m                                                               &amp#27;[90m# com.computer_db.step_definitions.ComputerStepDefinitions.user_go_to_main_page()&amp#27;[0m
  &amp#27;[32mWhen &amp#27;[0m&amp#27;[32muser click computer name &amp#27;[0m&amp#27;[32m&amp#27;[1m"Acer Extensa"&amp#27;[0m                                             &amp#27;[90m# com.computer_db.step_definitions.ComputerStepDefinitions.userClickComputerName(java.lang.String)&amp#27;[0m
  &amp#27;[32mAnd &amp#27;[0m&amp#27;[32muser enter &amp#27;[0m&amp#27;[32m&amp#27;[1m"name"&amp#27;[0m&amp#27;[32m, &amp#27;[0m&amp#27;[32m&amp#27;[1m"Acer XRT"&amp#27;[0m&amp#27;[32m value&amp#27;[0m                                                  &amp#27;[90m# com.computer_db.step_definitions.ComputerStepDefinitions.userEnterValue(java.lang.String,java.lang.String)&amp#27;[0m
  &amp#27;[32mAnd &amp#27;[0m&amp#27;[32muser click Save this computer button&amp#27;[0m                                                 &amp#27;[90m# com.computer_db.step_definitions.ComputerStepDefinitions.userClickSaveThisComputerButton()&amp#27;[0m
  &amp#27;[32mAnd &amp#27;[0m&amp#27;[32muser enter computer name &amp#27;[0m&amp#27;[32m&amp#27;[1m"Acer XRT"&amp#27;[0m&amp#27;[32m Filter by name input box and click search button&amp#27;[0m &amp#27;[90m# com.computer_db.step_definitions.ComputerStepDefinitions.user_enter_computer_name_filter_by_name_input_box_and_click_search_button(java.lang.String)&amp#27;[0m
  &amp#27;[31mThen &amp#27;[0m&amp#27;[31muser verify computer name &amp#27;[0m&amp#27;[31m&amp#27;[1m"Acer XRT"&amp#27;[0m&amp#27;[31m update in the table&amp#27;[0m                            &amp#27;[90m# com.computer_db.step_definitions.ComputerStepDefinitions.userVerifyComputerNameUpdateInTheTable(java.lang.String)&amp#27;[0m
      &amp#27;[31mjava.lang.AssertionError: ----Nothing to display-----
	at org.junit.Assert.fail(Assert.java:89)
	at com.computer_db.step_definitions.ComputerStepDefinitions.userVerifyComputerNameUpdateInTheTable(ComputerStepDefinitions.java:76)
	at âœ½.user verify computer name "Acer XRT" update in the table(file:///C:/Users/User/Desktop/ComputerDataBaseDemoProject/src/test/resources/features/Computer.feature:32)
&amp#27;[0m

    Embedding screenshot [image/png 25188 bytes]

]]></system-out>
    <system-err><![CDATA[Starting ChromeDriver 85.0.4183.87 (cd6713ebf92fa1cacc0f1a598df280093af0c5d7-refs/branch-heads/4183@{#1689}) on port 40346
Only local connections are allowed.
Please see https://chromedriver.chromium.org/security-considerations for suggestions on keeping ChromeDriver safe.
ChromeDriver was started successfully.
Sep 17, 2020 2:12:41 AM org.openqa.selenium.remote.ProtocolHandshake createSession
INFO: Detected dialect: W3C
]]></system-err>
  </testcase>
  <testcase name="User should be able to delete a computer data" classname="Computer Data Base Create, Update, Read and Delete Operations" time="7.706">
    <failure type="java.lang.AssertionError">java.lang.AssertionError
</failure>
    <system-out><![CDATA[
@computer_data @delete
Scenario: User should be able to delete a computer data                                        &amp#27;[90m# src/test/resources/features/Computer.feature:35&amp#27;[0m
  &amp#27;[32mGiven &amp#27;[0m&amp#27;[32muser go to main page&amp#27;[0m                                                                   &amp#27;[90m# com.computer_db.step_definitions.ComputerStepDefinitions.user_go_to_main_page()&amp#27;[0m
  &amp#27;[32mWhen &amp#27;[0m&amp#27;[32muser click computer name &amp#27;[0m&amp#27;[32m&amp#27;[1m"Acer Extensa"&amp#27;[0m                                                 &amp#27;[90m# com.computer_db.step_definitions.ComputerStepDefinitions.userClickComputerName(java.lang.String)&amp#27;[0m
  &amp#27;[32mAnd &amp#27;[0m&amp#27;[32muser click delete this computer button&amp#27;[0m                                                   &amp#27;[90m# com.computer_db.step_definitions.ComputerStepDefinitions.userClickDeleteThisComputerButton()&amp#27;[0m
  &amp#27;[32mAnd &amp#27;[0m&amp#27;[32muser enter computer name &amp#27;[0m&amp#27;[32m&amp#27;[1m"Acer Extensa"&amp#27;[0m&amp#27;[32m Filter by name input box and click search button&amp#27;[0m &amp#27;[90m# com.computer_db.step_definitions.ComputerStepDefinitions.user_enter_computer_name_filter_by_name_input_box_and_click_search_button(java.lang.String)&amp#27;[0m
  &amp#27;[31mThen &amp#27;[0m&amp#27;[31mverify that computer name &amp#27;[0m&amp#27;[31m&amp#27;[1m"Acer Extensa"&amp#27;[0m&amp#27;[31m not in the result table&amp#27;[0m                        &amp#27;[90m# com.computer_db.step_definitions.ComputerStepDefinitions.verifyThatComputerNameNotInTheResultTable(java.lang.String)&amp#27;[0m
      &amp#27;[31mjava.lang.AssertionError
	at org.junit.Assert.fail(Assert.java:87)
	at org.junit.Assert.assertTrue(Assert.java:42)
	at org.junit.Assert.assertFalse(Assert.java:65)
	at org.junit.Assert.assertFalse(Assert.java:75)
	at com.computer_db.step_definitions.ComputerStepDefinitions.verifyThatComputerNameNotInTheResultTable(ComputerStepDefinitions.java:93)
	at âœ½.verify that computer name "Acer Extensa" not in the result table(file:///C:/Users/User/Desktop/ComputerDataBaseDemoProject/src/test/resources/features/Computer.feature:39)
&amp#27;[0m

    Embedding screenshot [image/png 31725 bytes]

]]></system-out>
    <system-err><![CDATA[Starting ChromeDriver 85.0.4183.87 (cd6713ebf92fa1cacc0f1a598df280093af0c5d7-refs/branch-heads/4183@{#1689}) on port 5529
Only local connections are allowed.
Please see https://chromedriver.chromium.org/security-considerations for suggestions on keeping ChromeDriver safe.
ChromeDriver was started successfully.
Sep 17, 2020 2:12:59 AM org.openqa.selenium.remote.ProtocolHandshake createSession
INFO: Detected dialect: W3C
]]></system-err>
  </testcase>
  <testcase name="User not should be able to create same computer as a duplicate" classname="Computer Data Base Create, Update, Read and Delete Operations" time="19.161">
    <failure message="----Nothing to display-----" type="java.lang.AssertionError">java.lang.AssertionError: ----Nothing to display-----
</failure>
    <system-out><![CDATA[
@computer_data @duplicate
Scenario: User not should be able to create same computer as a duplicate                                                                           &amp#27;[90m# src/test/resources/features/Computer.feature:42&amp#27;[0m
  &amp#27;[32mGiven &amp#27;[0m&amp#27;[32muser go to main page&amp#27;[0m                                                                                                                       &amp#27;[90m# com.computer_db.step_definitions.ComputerStepDefinitions.user_go_to_main_page()&amp#27;[0m
  &amp#27;[32mWhen &amp#27;[0m&amp#27;[32muser click Add new computer button&amp#27;[0m                                                                                                          &amp#27;[90m# com.computer_db.step_definitions.ComputerStepDefinitions.user_click_add_new_computer_button()&amp#27;[0m
  &amp#27;[32mAnd &amp#27;[0m&amp#27;[32mVerify add computer page title &amp#27;[0m&amp#27;[32m&amp#27;[1m"Computers database"&amp#27;[0m                                                                                          &amp#27;[90m# com.computer_db.step_definitions.ComputerStepDefinitions.verify_add_computer_page(java.lang.String)&amp#27;[0m
  &amp#27;[32mWhen &amp#27;[0m&amp#27;[32muser enter computer name &amp#27;[0m&amp#27;[32m&amp#27;[1m"Huwai 1001"&amp#27;[0m&amp#27;[32m, Introduced &amp#27;[0m&amp#27;[32m&amp#27;[1m"2016-01-01"&amp#27;[0m&amp#27;[32m, Discontinued &amp#27;[0m&amp#27;[32m&amp#27;[1m"2019-09-01"&amp#27;[0m&amp#27;[32m, Company &amp#27;[0m&amp#27;[32m&amp#27;[1m"Sanyo"&amp#27;[0m&amp#27;[32m and click Create computer button&amp#27;[0m &amp#27;[90m# com.computer_db.step_definitions.ComputerStepDefinitions.user_enter_computer_name_introduced_discontinued_company_and_click_create_computer_button(java.lang.String,java.lang.String,java.lang.String,java.lang.String)&amp#27;[0m
  &amp#27;[32mWhen &amp#27;[0m&amp#27;[32muser click Add new computer button&amp#27;[0m                                                                                                          &amp#27;[90m# com.computer_db.step_definitions.ComputerStepDefinitions.user_click_add_new_computer_button()&amp#27;[0m
  &amp#27;[32mWhen &amp#27;[0m&amp#27;[32muser enter computer name &amp#27;[0m&amp#27;[32m&amp#27;[1m"Huwai 1001"&amp#27;[0m&amp#27;[32m, Introduced &amp#27;[0m&amp#27;[32m&amp#27;[1m"2016-01-01"&amp#27;[0m&amp#27;[32m, Discontinued &amp#27;[0m&amp#27;[32m&amp#27;[1m"2019-09-01"&amp#27;[0m&amp#27;[32m, Company &amp#27;[0m&amp#27;[32m&amp#27;[1m"Sanyo"&amp#27;[0m&amp#27;[32m and click Create computer button&amp#27;[0m &amp#27;[90m# com.computer_db.step_definitions.ComputerStepDefinitions.user_enter_computer_name_introduced_discontinued_company_and_click_create_computer_button(java.lang.String,java.lang.String,java.lang.String,java.lang.String)&amp#27;[0m
  &amp#27;[31mThen &amp#27;[0m&amp#27;[31mverify user shouldn't second duplicate computer name as a &amp#27;[0m&amp#27;[31m&amp#27;[1m"Huwai 1001"&amp#27;[0m                                                                      &amp#27;[90m# com.computer_db.step_definitions.ComputerStepDefinitions.verifyUserShouldnTSecondDuplicateComputerNameAsA(java.lang.String)&amp#27;[0m
      &amp#27;[31mjava.lang.AssertionError: ----Nothing to display-----
	at org.junit.Assert.fail(Assert.java:89)
	at com.computer_db.step_definitions.ComputerStepDefinitions.verifyUserShouldnTSecondDuplicateComputerNameAsA(ComputerStepDefinitions.java:104)
	at âœ½.verify user shouldn't second duplicate computer name as a "Huwai 1001"(file:///C:/Users/User/Desktop/ComputerDataBaseDemoProject/src/test/resources/features/Computer.feature:48)
&amp#27;[0m

    Embedding screenshot [image/png 46441 bytes]

]]></system-out>
    <system-err><![CDATA[Starting ChromeDriver 85.0.4183.87 (cd6713ebf92fa1cacc0f1a598df280093af0c5d7-refs/branch-heads/4183@{#1689}) on port 43218
Only local connections are allowed.
Please see https://chromedriver.chromium.org/security-considerations for suggestions on keeping ChromeDriver safe.
ChromeDriver was started successfully.
Sep 17, 2020 2:13:07 AM org.openqa.selenium.remote.ProtocolHandshake createSession
INFO: Detected dialect: W3C
]]></system-err>
  </testcase>
  <testcase name="User not able to create computer with invalid data blank computer name" classname="Computer Data Base Create, Update, Read and Delete Operations" time="8.412"/>
  <testcase name="User not able to create computer with invalid data invalid computer name" classname="Computer Data Base Create, Update, Read and Delete Operations" time="17.857">
    <failure message="Failed to refine type" type="java.lang.AssertionError">java.lang.AssertionError: Failed to refine type
</failure>
    <system-out><![CDATA[
@computer_data @negative_ddt
Scenario Outline: User not able to create computer with invalid data invalid computer name                                                         &amp#27;[90m# src/test/resources/features/Computer.feature:59&amp#27;[0m
  &amp#27;[32mGiven &amp#27;[0m&amp#27;[32muser go to main page&amp#27;[0m                                                                                                                       &amp#27;[90m# com.computer_db.step_definitions.ComputerStepDefinitions.user_go_to_main_page()&amp#27;[0m
  &amp#27;[32mWhen &amp#27;[0m&amp#27;[32muser click Add new computer button&amp#27;[0m                                                                                                          &amp#27;[90m# com.computer_db.step_definitions.ComputerStepDefinitions.user_click_add_new_computer_button()&amp#27;[0m
  &amp#27;[32mWhen &amp#27;[0m&amp#27;[32muser enter computer name &amp#27;[0m&amp#27;[32m&amp#27;[1m"!@#$%^145^%#"&amp#27;[0m&amp#27;[32m, Introduced &amp#27;[0m&amp#27;[32m&amp#27;[1m"2016-01-01"&amp#27;[0m&amp#27;[32m, Discontinued &amp#27;[0m&amp#27;[32m&amp#27;[1m"2019-09-01"&amp#27;[0m&amp#27;[32m, Company &amp#27;[0m&amp#27;[32m&amp#27;[1m"IBM"&amp#27;[0m&amp#27;[32m and click Create computer button&amp#27;[0m &amp#27;[90m# com.computer_db.step_definitions.ComputerStepDefinitions.user_enter_computer_name_introduced_discontinued_company_and_click_create_computer_button(java.lang.String,java.lang.String,java.lang.String,java.lang.String)&amp#27;[0m
  &amp#27;[31mThen &amp#27;[0m&amp#27;[31mverify &amp#27;[0m&amp#27;[31m&amp#27;[1m"Failed to refine type"&amp#27;[0m                                                                                                              &amp#27;[90m# com.computer_db.step_definitions.ComputerStepDefinitions.verify(java.lang.String)&amp#27;[0m
      &amp#27;[31mjava.lang.AssertionError: Failed to refine type
	at org.junit.Assert.fail(Assert.java:89)
	at com.computer_db.step_definitions.ComputerStepDefinitions.verify(ComputerStepDefinitions.java:117)
	at âœ½.verify "Failed to refine type"(file:///C:/Users/User/Desktop/ComputerDataBaseDemoProject/src/test/resources/features/Computer.feature:55)
&amp#27;[0m

    Embedding screenshot [image/png 47775 bytes]

]]></system-out>
    <system-err><![CDATA[Starting ChromeDriver 85.0.4183.87 (cd6713ebf92fa1cacc0f1a598df280093af0c5d7-refs/branch-heads/4183@{#1689}) on port 31933
Only local connections are allowed.
Please see https://chromedriver.chromium.org/security-considerations for suggestions on keeping ChromeDriver safe.
ChromeDriver was started successfully.
Sep 17, 2020 2:13:35 AM org.openqa.selenium.remote.ProtocolHandshake createSession
INFO: Detected dialect: W3C
]]></system-err>
  </testcase>
  <testcase name="User not able to create computer with invalid data invalid date" classname="Computer Data Base Create, Update, Read and Delete Operations" time="7.698"/>
  <testcase name="User should be able to cancel option during the create a computer" classname="Computer Data Base Create, Update, Read and Delete Operations" time="8.33"/>
  <testcase name="User should be able to cancel update a computer name" classname="Computer Data Base Create, Update, Read and Delete Operations" time="7.702"/>
  <testcase name="User should be able to check all order by ascending" classname="Computer Data Base Create, Update, Read and Delete Operations" time="7.754"/>
</testsuite>